  mainManager.cpp
d:\universidad\ppa\snesvertical-aladdin\snesvertical2_0\snesvertical2_0\include\gameobject.h(26): warning C4018: '<': no coinciden signed/unsigned
Aladdin.obj : warning LNK4217: se import¾ el sÝmbolo ?isButtonPressed@Joystick@sf@@SA_NII@Z (public: static bool __cdecl sf::Joystick::isButtonPressed(unsigned int,unsigned int)) definido localmente en la funci¾n "public: static void __cdecl InputManager::controller(class Aladdin &)" (?controller@InputManager@@SAXAAVAladdin@@@Z)
Aladdin.obj : warning LNK4217: se import¾ el sÝmbolo ?getAxisPosition@Joystick@sf@@SAMIW4Axis@12@@Z (public: static float __cdecl sf::Joystick::getAxisPosition(unsigned int,enum sf::Joystick::Axis)) definido localmente en la funci¾n "public: static void __cdecl InputManager::controller(class Aladdin &)" (?controller@InputManager@@SAXAAVAladdin@@@Z)
CWindow.obj : warning LNK4217: se import¾ el sÝmbolo ??0String@sf@@QAE@ABV?$basic_string@DU?$char_traits@D@std@@V?$allocator@D@2@@std@@ABVlocale@3@@Z (public: __thiscall sf::String::String(class std::basic_string<char,struct std::char_traits<char>,class std::allocator<char> > const &,class std::locale const &)) definido localmente en la funci¾n "public: void __thiscall CWindow::initWindow(class std::basic_string<char,struct std::char_traits<char>,class std::allocator<char> > const &,int const &,int const &,enum WINDOWTYPE const &)" (?initWindow@CWindow@@QAEXABV?$basic_string@DU?$char_traits@D@std@@V?$allocator@D@2@@std@@ABH1ABW4WINDOWTYPE@@@Z)
CWindow.obj : warning LNK4217: se import¾ el sÝmbolo ??1String@sf@@QAE@XZ (public: __thiscall sf::String::~String(void)) definido localmente en la funci¾n "public: void __thiscall CWindow::initWindow(class std::basic_string<char,struct std::char_traits<char>,class std::allocator<char> > const &,int const &,int const &,enum WINDOWTYPE const &)" (?initWindow@CWindow@@QAEXABV?$basic_string@DU?$char_traits@D@std@@V?$allocator@D@2@@std@@ABH1ABW4WINDOWTYPE@@@Z)
main.obj : warning LNK4049: se import¾ el sÝmbolo ??1String@sf@@QAE@XZ (public: __thiscall sf::String::~String(void)) definido localmente
CWindow.obj : warning LNK4217: se import¾ el sÝmbolo ??0VideoMode@sf@@QAE@III@Z (public: __thiscall sf::VideoMode::VideoMode(unsigned int,unsigned int,unsigned int)) definido localmente en la funci¾n "public: void __thiscall CWindow::initWindow(class std::basic_string<char,struct std::char_traits<char>,class std::allocator<char> > const &,int const &,int const &,enum WINDOWTYPE const &)" (?initWindow@CWindow@@QAEXABV?$basic_string@DU?$char_traits@D@std@@V?$allocator@D@2@@std@@ABH1ABW4WINDOWTYPE@@@Z)
main.obj : warning LNK4049: se import¾ el sÝmbolo ??0VideoMode@sf@@QAE@III@Z (public: __thiscall sf::VideoMode::VideoMode(unsigned int,unsigned int,unsigned int)) definido localmente
CWindow.obj : warning LNK4217: se import¾ el sÝmbolo ??0Window@sf@@QAE@VVideoMode@1@ABVString@1@IABUContextSettings@1@@Z (public: __thiscall sf::Window::Window(class sf::VideoMode,class sf::String const &,unsigned int,struct sf::ContextSettings const &)) definido localmente en la funci¾n "public: void __thiscall CWindow::initWindow(class std::basic_string<char,struct std::char_traits<char>,class std::allocator<char> > const &,int const &,int const &,enum WINDOWTYPE const &)" (?initWindow@CWindow@@QAEXABV?$basic_string@DU?$char_traits@D@std@@V?$allocator@D@2@@std@@ABH1ABW4WINDOWTYPE@@@Z)
CWindow.obj : warning LNK4217: se import¾ el sÝmbolo ??1Window@sf@@UAE@XZ (public: virtual __thiscall sf::Window::~Window(void)) definido localmente en la funci¾n "public: virtual void * __thiscall sf::Window::`scalar deleting destructor'(unsigned int)" (??_GWindow@sf@@UAEPAXI@Z)
CWindow.obj : warning LNK4217: se import¾ el sÝmbolo ?close@Window@sf@@QAEXXZ (public: void __thiscall sf::Window::close(void)) definido localmente en la funci¾n "public: void __thiscall CWindow::closeWindow(void)" (?closeWindow@CWindow@@QAEXXZ)
main.obj : warning LNK4049: se import¾ el sÝmbolo ?close@Window@sf@@QAEXXZ (public: void __thiscall sf::Window::close(void)) definido localmente
mainManager.obj : warning LNK4049: se import¾ el sÝmbolo ?close@Window@sf@@QAEXXZ (public: void __thiscall sf::Window::close(void)) definido localmente
CWindow.obj : warning LNK4217: se import¾ el sÝmbolo ?isOpen@Window@sf@@QBE_NXZ (public: bool __thiscall sf::Window::isOpen(void)const ) definido localmente en la funci¾n "public: bool __thiscall CWindow::onUpdateHandleW(void)" (?onUpdateHandleW@CWindow@@QAE_NXZ)
main.obj : warning LNK4049: se import¾ el sÝmbolo ?isOpen@Window@sf@@QBE_NXZ (public: bool __thiscall sf::Window::isOpen(void)const ) definido localmente
mainManager.obj : warning LNK4049: se import¾ el sÝmbolo ?isOpen@Window@sf@@QBE_NXZ (public: bool __thiscall sf::Window::isOpen(void)const ) definido localmente
CWindow.obj : warning LNK4217: se import¾ el sÝmbolo ?pollEvent@Window@sf@@QAE_NAAVEvent@2@@Z (public: bool __thiscall sf::Window::pollEvent(class sf::Event &)) definido localmente en la funci¾n "public: bool __thiscall CWindow::onUpdateHandleW(void)" (?onUpdateHandleW@CWindow@@QAE_NXZ)
main.obj : warning LNK4049: se import¾ el sÝmbolo ?pollEvent@Window@sf@@QAE_NAAVEvent@2@@Z (public: bool __thiscall sf::Window::pollEvent(class sf::Event &)) definido localmente
mainManager.obj : warning LNK4049: se import¾ el sÝmbolo ?pollEvent@Window@sf@@QAE_NAAVEvent@2@@Z (public: bool __thiscall sf::Window::pollEvent(class sf::Event &)) definido localmente
main.obj : warning LNK4217: se import¾ el sÝmbolo ??0String@sf@@QAE@PBDABVlocale@std@@@Z (public: __thiscall sf::String::String(char const *,class std::locale const &)) definido localmente en la funci¾n _main
main.obj : warning LNK4217: se import¾ el sÝmbolo ??0Clock@sf@@QAE@XZ (public: __thiscall sf::Clock::Clock(void)) definido localmente en la funci¾n _main
mainManager.obj : warning LNK4049: se import¾ el sÝmbolo ??0Clock@sf@@QAE@XZ (public: __thiscall sf::Clock::Clock(void)) definido localmente
main.obj : warning LNK4217: se import¾ el sÝmbolo ?restart@Clock@sf@@QAE?AVTime@2@XZ (public: class sf::Time __thiscall sf::Clock::restart(void)) definido localmente en la funci¾n _main
mainManager.obj : warning LNK4049: se import¾ el sÝmbolo ?restart@Clock@sf@@QAE?AVTime@2@XZ (public: class sf::Time __thiscall sf::Clock::restart(void)) definido localmente
main.obj : warning LNK4217: se import¾ el sÝmbolo ?setFramerateLimit@Window@sf@@QAEXI@Z (public: void __thiscall sf::Window::setFramerateLimit(unsigned int)) definido localmente en la funci¾n _main
mainManager.obj : warning LNK4049: se import¾ el sÝmbolo ?setFramerateLimit@Window@sf@@QAEXI@Z (public: void __thiscall sf::Window::setFramerateLimit(unsigned int)) definido localmente
main.obj : warning LNK4217: se import¾ el sÝmbolo ?display@Window@sf@@QAEXXZ (public: void __thiscall sf::Window::display(void)) definido localmente en la funci¾n _main
mainManager.obj : warning LNK4049: se import¾ el sÝmbolo ?display@Window@sf@@QAEXXZ (public: void __thiscall sf::Window::display(void)) definido localmente
mainManager.obj : warning LNK4217: se import¾ el sÝmbolo ?asSeconds@Time@sf@@QBEMXZ (public: float __thiscall sf::Time::asSeconds(void)const ) definido localmente en la funci¾n "public: void __thiscall mainManager::onUpdate(void)" (?onUpdate@mainManager@@QAEXXZ)
mainManager.obj : warning LNK4217: se import¾ el sÝmbolo ?getElapsedTime@Clock@sf@@QBE?AVTime@2@XZ (public: class sf::Time __thiscall sf::Clock::getElapsedTime(void)const ) definido localmente en la funci¾n "public: void __thiscall mainManager::onUpdate(void)" (?onUpdate@mainManager@@QAEXXZ)
mainManager.obj : warning LNK4217: se import¾ el sÝmbolo ?setPosition@Window@sf@@QAEXABV?$Vector2@H@2@@Z (public: void __thiscall sf::Window::setPosition(class sf::Vector2<int> const &)) definido localmente en la funci¾n "public: void __thiscall mainManager::init(void)" (?init@mainManager@@QAEXXZ)
mainManager.obj : warning LNK4217: se import¾ el sÝmbolo ?setSize@Window@sf@@QAEXABV?$Vector2@I@2@@Z (public: void __thiscall sf::Window::setSize(class sf::Vector2<unsigned int> const &)) definido localmente en la funci¾n "public: void __thiscall mainManager::init(void)" (?init@mainManager@@QAEXXZ)
  SNESVERTICAL2_0.vcxproj -> D:\UNIVERSIDAD\PPA\SNESVERTICAL-ALADDIN\SNESVERTICAL2_0\Debug\SNESVERTICAL2_0.exe
