d:\universidad\ppa aladdin\snesvertical-aladdin\snesvertical2_0\snesvertical2_0\debug\vc141.pdb
d:\universidad\ppa aladdin\snesvertical-aladdin\snesvertical2_0\snesvertical2_0\debug\vc141.idb
d:\universidad\ppa aladdin\snesvertical-aladdin\snesvertical2_0\snesvertical2_0\debug\soundmanager.obj
d:\universidad\ppa aladdin\snesvertical-aladdin\snesvertical2_0\snesvertical2_0\debug\scenemanager.obj
d:\universidad\ppa aladdin\snesvertical-aladdin\snesvertical2_0\snesvertical2_0\debug\resourcemanager.obj
d:\universidad\ppa aladdin\snesvertical-aladdin\snesvertical2_0\snesvertical2_0\debug\render.obj
d:\universidad\ppa aladdin\snesvertical-aladdin\snesvertical2_0\snesvertical2_0\debug\parallax.obj
d:\universidad\ppa aladdin\snesvertical-aladdin\snesvertical2_0\snesvertical2_0\debug\rendermanager.obj
d:\universidad\ppa aladdin\snesvertical-aladdin\snesvertical2_0\snesvertical2_0\debug\main.obj
d:\universidad\ppa aladdin\snesvertical-aladdin\snesvertical2_0\snesvertical2_0\debug\headcollision.obj
d:\universidad\ppa aladdin\snesvertical-aladdin\snesvertical2_0\snesvertical2_0\debug\gravityaladdin.obj
d:\universidad\ppa aladdin\snesvertical-aladdin\snesvertical2_0\snesvertical2_0\debug\graphicapi.obj
d:\universidad\ppa aladdin\snesvertical-aladdin\snesvertical2_0\snesvertical2_0\debug\gameobject.obj
d:\universidad\ppa aladdin\snesvertical-aladdin\snesvertical2_0\snesvertical2_0\debug\footcollision.obj
d:\universidad\ppa aladdin\snesvertical-aladdin\snesvertical2_0\snesvertical2_0\debug\cwindow.obj
d:\universidad\ppa aladdin\snesvertical-aladdin\snesvertical2_0\snesvertical2_0\debug\component.obj
d:\universidad\ppa aladdin\snesvertical-aladdin\snesvertical2_0\snesvertical2_0\debug\ccamera.obj
d:\universidad\ppa aladdin\snesvertical-aladdin\snesvertical2_0\snesvertical2_0\debug\boxcollider.obj
d:\universidad\ppa aladdin\snesvertical-aladdin\snesvertical2_0\snesvertical2_0\debug\animator.obj
d:\universidad\ppa aladdin\snesvertical-aladdin\snesvertical2_0\snesvertical2_0\debug\animation.obj
d:\universidad\ppa aladdin\snesvertical-aladdin\snesvertical2_0\snesvertical2_0\debug\aladdin.obj
d:\universidad\ppa aladdin\snesvertical-aladdin\snesvertical2_0\debug\snesvertical2_0.pdb
d:\universidad\ppa aladdin\snesvertical-aladdin\snesvertical2_0\snesvertical2_0\debug\snesvertical2_0.tlog\cl.command.1.tlog
d:\universidad\ppa aladdin\snesvertical-aladdin\snesvertical2_0\snesvertical2_0\debug\snesvertical2_0.tlog\cl.read.1.tlog
d:\universidad\ppa aladdin\snesvertical-aladdin\snesvertical2_0\snesvertical2_0\debug\snesvertical2_0.tlog\cl.write.1.tlog
d:\universidad\ppa aladdin\snesvertical-aladdin\snesvertical2_0\snesvertical2_0\debug\snesvertical2_0.tlog\link-cvtres.read.1.tlog
d:\universidad\ppa aladdin\snesvertical-aladdin\snesvertical2_0\snesvertical2_0\debug\snesvertical2_0.tlog\link-cvtres.write.1.tlog
d:\universidad\ppa aladdin\snesvertical-aladdin\snesvertical2_0\snesvertical2_0\debug\snesvertical2_0.tlog\link-rc.read.1.tlog
d:\universidad\ppa aladdin\snesvertical-aladdin\snesvertical2_0\snesvertical2_0\debug\snesvertical2_0.tlog\link-rc.write.1.tlog
d:\universidad\ppa aladdin\snesvertical-aladdin\snesvertical2_0\snesvertical2_0\debug\snesvertical2_0.tlog\link.command.1.tlog
d:\universidad\ppa aladdin\snesvertical-aladdin\snesvertical2_0\snesvertical2_0\debug\snesvertical2_0.tlog\link.read.1.tlog
d:\universidad\ppa aladdin\snesvertical-aladdin\snesvertical2_0\snesvertical2_0\debug\snesvertical2_0.tlog\link.write.1.tlog
